<?xml version="1.0" encoding="UTF-8"?>
<!-- Generated by org.testng.reporters.JUnitReportReporter -->
<testsuite skipped="0" hostname="LAPTOP-RKQUPA26" name="june11th.Test_TC01" tests="4" failures="0" timestamp="2020-06-11T21:49:42 IST" time="0.027" errors="0">
  <testcase name="testCaseThree" time="0.002" classname="june11th.Test_TC01"/>
  <system-out/>
  <testcase name="testCaseOne" time="0.000" classname="june11th.Test_TC01"/>
  <system-out/>
  <testcase name="testCaseTwo" time="0.001" classname="june11th.Test_TC01"/>
  <system-out/>
  <testcase name="testCaseFour" time="0.024" classname="june11th.Test_TC01"/>
  <system-out/>
</testsuite> <!-- june11th.Test_TC01 -->
